{"C:\\Users\\madib\\Music\\code\\nodejs\\aplikasi-izin\\src\\apps\\database.js": {"path":"C:\\Users\\madib\\Music\\code\\nodejs\\aplikasi-izin\\src\\apps\\database.js","statementMap":{"0":{"start":{"line":4,"column":28},"end":{"line":4,"column":46}},"1":{"start":{"line":6,"column":0},"end":{"line":26,"column":3}},"2":{"start":{"line":7,"column":20},"end":{"line":7,"column":30}},"3":{"start":{"line":9,"column":2},"end":{"line":12,"column":5}},"4":{"start":{"line":14,"column":17},"end":{"line":14,"column":35}},"5":{"start":{"line":17,"column":19},"end":{"line":17,"column":41}},"6":{"start":{"line":19,"column":2},"end":{"line":23,"column":5}},"7":{"start":{"line":25,"column":2},"end":{"line":25,"column":16}}},"fnMap":{"0":{"name":"(anonymous_0)","decl":{"start":{"line":6,"column":18},"end":{"line":6,"column":19}},"loc":{"start":{"line":6,"column":42},"end":{"line":26,"column":1}},"line":6}},"branchMap":{},"s":{"0":1,"1":1,"2":3,"3":3,"4":3,"5":2,"6":2,"7":2},"f":{"0":3},"b":{},"_coverageSchema":"1a1c01bbd47fc00a2c39e90264f33305004495a9","hash":"356052766722bfa715a44b497843da0d85ff5eea"}
,"C:\\Users\\madib\\Music\\code\\nodejs\\aplikasi-izin\\src\\apps\\logger.js": {"path":"C:\\Users\\madib\\Music\\code\\nodejs\\aplikasi-izin\\src\\apps\\logger.js","statementMap":{"0":{"start":{"line":3,"column":45},"end":{"line":3,"column":59}},"1":{"start":{"line":4,"column":24},"end":{"line":4,"column":46}},"2":{"start":{"line":7,"column":21},"end":{"line":20,"column":1}},"3":{"start":{"line":11,"column":21},"end":{"line":16,"column":5}},"4":{"start":{"line":18,"column":4},"end":{"line":18,"column":36}},"5":{"start":{"line":23,"column":19},"end":{"line":26,"column":2}},"6":{"start":{"line":29,"column":17},"end":{"line":32,"column":2}}},"fnMap":{"0":{"name":"(anonymous_0)","decl":{"start":{"line":10,"column":9},"end":{"line":10,"column":10}},"loc":{"start":{"line":10,"column":53},"end":{"line":19,"column":3}},"line":10}},"branchMap":{},"s":{"0":1,"1":1,"2":1,"3":5,"4":5,"5":1,"6":1},"f":{"0":5},"b":{},"_coverageSchema":"1a1c01bbd47fc00a2c39e90264f33305004495a9","hash":"0ded28531aa6a804cde0af7a389cb2c546888669"}
,"C:\\Users\\madib\\Music\\code\\nodejs\\aplikasi-izin\\src\\apps\\server.js": {"path":"C:\\Users\\madib\\Music\\code\\nodejs\\aplikasi-izin\\src\\apps\\server.js","statementMap":{"0":{"start":{"line":7,"column":19},"end":{"line":7,"column":28}},"1":{"start":{"line":9,"column":0},"end":{"line":9,"column":51}},"2":{"start":{"line":10,"column":0},"end":{"line":10,"column":24}},"3":{"start":{"line":12,"column":0},"end":{"line":12,"column":22}},"4":{"start":{"line":14,"column":0},"end":{"line":14,"column":25}},"5":{"start":{"line":16,"column":0},"end":{"line":16,"column":25}}},"fnMap":{},"branchMap":{},"s":{"0":1,"1":1,"2":1,"3":1,"4":1,"5":1},"f":{},"b":{},"_coverageSchema":"1a1c01bbd47fc00a2c39e90264f33305004495a9","hash":"2217a314740d134fd997049701abe43f5ff911ef"}
,"C:\\Users\\madib\\Music\\code\\nodejs\\aplikasi-izin\\src\\conf\\constant.js": {"path":"C:\\Users\\madib\\Music\\code\\nodejs\\aplikasi-izin\\src\\conf\\constant.js","statementMap":{"0":{"start":{"line":3,"column":0},"end":{"line":3,"column":9}},"1":{"start":{"line":5,"column":24},"end":{"line":5,"column":44}},"2":{"start":{"line":6,"column":30},"end":{"line":6,"column":56}}},"fnMap":{},"branchMap":{},"s":{"0":1,"1":1,"2":1},"f":{},"b":{},"_coverageSchema":"1a1c01bbd47fc00a2c39e90264f33305004495a9","hash":"59cab16a4c77e400e0bd838344929f749c872027"}
,"C:\\Users\\madib\\Music\\code\\nodejs\\aplikasi-izin\\src\\controllers\\departement-controller.js": {"path":"C:\\Users\\madib\\Music\\code\\nodejs\\aplikasi-izin\\src\\controllers\\departement-controller.js","statementMap":{"0":{"start":{"line":3,"column":15},"end":{"line":12,"column":1}},"1":{"start":{"line":4,"column":2},"end":{"line":11,"column":3}},"2":{"start":{"line":5,"column":19},"end":{"line":5,"column":60}},"3":{"start":{"line":6,"column":4},"end":{"line":8,"column":7}},"4":{"start":{"line":10,"column":4},"end":{"line":10,"column":16}},"5":{"start":{"line":14,"column":12},"end":{"line":23,"column":1}},"6":{"start":{"line":15,"column":2},"end":{"line":22,"column":3}},"7":{"start":{"line":16,"column":19},"end":{"line":16,"column":73}},"8":{"start":{"line":17,"column":4},"end":{"line":19,"column":7}},"9":{"start":{"line":21,"column":4},"end":{"line":21,"column":16}},"10":{"start":{"line":25,"column":15},"end":{"line":37,"column":1}},"11":{"start":{"line":26,"column":2},"end":{"line":36,"column":3}},"12":{"start":{"line":27,"column":19},"end":{"line":30,"column":5}},"13":{"start":{"line":31,"column":4},"end":{"line":33,"column":7}},"14":{"start":{"line":35,"column":4},"end":{"line":35,"column":16}},"15":{"start":{"line":39,"column":15},"end":{"line":48,"column":1}},"16":{"start":{"line":40,"column":2},"end":{"line":47,"column":3}},"17":{"start":{"line":41,"column":19},"end":{"line":41,"column":76}},"18":{"start":{"line":42,"column":4},"end":{"line":44,"column":7}},"19":{"start":{"line":46,"column":4},"end":{"line":46,"column":16}}},"fnMap":{"0":{"name":"(anonymous_0)","decl":{"start":{"line":3,"column":15},"end":{"line":3,"column":16}},"loc":{"start":{"line":3,"column":41},"end":{"line":12,"column":1}},"line":3},"1":{"name":"(anonymous_1)","decl":{"start":{"line":14,"column":12},"end":{"line":14,"column":13}},"loc":{"start":{"line":14,"column":38},"end":{"line":23,"column":1}},"line":14},"2":{"name":"(anonymous_2)","decl":{"start":{"line":25,"column":15},"end":{"line":25,"column":16}},"loc":{"start":{"line":25,"column":41},"end":{"line":37,"column":1}},"line":25},"3":{"name":"(anonymous_3)","decl":{"start":{"line":39,"column":15},"end":{"line":39,"column":16}},"loc":{"start":{"line":39,"column":41},"end":{"line":48,"column":1}},"line":39}},"branchMap":{},"s":{"0":1,"1":0,"2":0,"3":0,"4":0,"5":1,"6":0,"7":0,"8":0,"9":0,"10":1,"11":0,"12":0,"13":0,"14":0,"15":1,"16":0,"17":0,"18":0,"19":0},"f":{"0":0,"1":0,"2":0,"3":0},"b":{},"_coverageSchema":"1a1c01bbd47fc00a2c39e90264f33305004495a9","hash":"d03110e3ad93590c72c06a890a7bbd9cf15c96e8"}
,"C:\\Users\\madib\\Music\\code\\nodejs\\aplikasi-izin\\src\\controllers\\user-controller.js": {"path":"C:\\Users\\madib\\Music\\code\\nodejs\\aplikasi-izin\\src\\controllers\\user-controller.js","statementMap":{"0":{"start":{"line":3,"column":15},"end":{"line":12,"column":1}},"1":{"start":{"line":4,"column":2},"end":{"line":11,"column":3}},"2":{"start":{"line":5,"column":19},"end":{"line":5,"column":53}},"3":{"start":{"line":6,"column":4},"end":{"line":8,"column":7}},"4":{"start":{"line":10,"column":4},"end":{"line":10,"column":16}},"5":{"start":{"line":14,"column":14},"end":{"line":23,"column":1}},"6":{"start":{"line":15,"column":2},"end":{"line":22,"column":3}},"7":{"start":{"line":16,"column":19},"end":{"line":16,"column":52}},"8":{"start":{"line":17,"column":4},"end":{"line":19,"column":7}},"9":{"start":{"line":21,"column":4},"end":{"line":21,"column":16}}},"fnMap":{"0":{"name":"(anonymous_0)","decl":{"start":{"line":3,"column":15},"end":{"line":3,"column":16}},"loc":{"start":{"line":3,"column":41},"end":{"line":12,"column":1}},"line":3},"1":{"name":"(anonymous_1)","decl":{"start":{"line":14,"column":14},"end":{"line":14,"column":15}},"loc":{"start":{"line":14,"column":40},"end":{"line":23,"column":1}},"line":14}},"branchMap":{},"s":{"0":1,"1":0,"2":0,"3":0,"4":0,"5":1,"6":0,"7":0,"8":0,"9":0},"f":{"0":0,"1":0},"b":{},"_coverageSchema":"1a1c01bbd47fc00a2c39e90264f33305004495a9","hash":"7915b9edc539b0dae3f6863ee43bd37a0869bb2c"}
,"C:\\Users\\madib\\Music\\code\\nodejs\\aplikasi-izin\\src\\errors\\response-error.js": {"path":"C:\\Users\\madib\\Music\\code\\nodejs\\aplikasi-izin\\src\\errors\\response-error.js","statementMap":{"0":{"start":{"line":3,"column":4},"end":{"line":3,"column":19}},"1":{"start":{"line":4,"column":4},"end":{"line":4,"column":25}}},"fnMap":{"0":{"name":"(anonymous_0)","decl":{"start":{"line":2,"column":2},"end":{"line":2,"column":3}},"loc":{"start":{"line":2,"column":31},"end":{"line":5,"column":3}},"line":2}},"branchMap":{},"s":{"0":0,"1":0},"f":{"0":0},"b":{},"_coverageSchema":"1a1c01bbd47fc00a2c39e90264f33305004495a9","hash":"d67ac6a9c2abedee9be75ed41ca4c385c87a9ced"}
,"C:\\Users\\madib\\Music\\code\\nodejs\\aplikasi-izin\\src\\middlewares\\error-middleware.js": {"path":"C:\\Users\\madib\\Music\\code\\nodejs\\aplikasi-izin\\src\\middlewares\\error-middleware.js","statementMap":{"0":{"start":{"line":3,"column":31},"end":{"line":24,"column":1}},"1":{"start":{"line":4,"column":2},"end":{"line":7,"column":3}},"2":{"start":{"line":5,"column":4},"end":{"line":5,"column":11}},"3":{"start":{"line":6,"column":4},"end":{"line":6,"column":11}},"4":{"start":{"line":9,"column":2},"end":{"line":23,"column":3}},"5":{"start":{"line":10,"column":4},"end":{"line":15,"column":13}},"6":{"start":{"line":17,"column":4},"end":{"line":22,"column":13}}},"fnMap":{"0":{"name":"(anonymous_0)","decl":{"start":{"line":3,"column":31},"end":{"line":3,"column":32}},"loc":{"start":{"line":3,"column":62},"end":{"line":24,"column":1}},"line":3}},"branchMap":{"0":{"loc":{"start":{"line":4,"column":2},"end":{"line":7,"column":3}},"type":"if","locations":[{"start":{"line":4,"column":2},"end":{"line":7,"column":3}},{"start":{},"end":{}}],"line":4},"1":{"loc":{"start":{"line":9,"column":2},"end":{"line":23,"column":3}},"type":"if","locations":[{"start":{"line":9,"column":2},"end":{"line":23,"column":3}},{"start":{"line":16,"column":9},"end":{"line":23,"column":3}}],"line":9}},"s":{"0":1,"1":0,"2":0,"3":0,"4":0,"5":0,"6":0},"f":{"0":0},"b":{"0":[0,0],"1":[0,0]},"_coverageSchema":"1a1c01bbd47fc00a2c39e90264f33305004495a9","hash":"b0b47657c452ee86e70bf617a189d9d7ffade0d2"}
,"C:\\Users\\madib\\Music\\code\\nodejs\\aplikasi-izin\\src\\routes\\protected-routes.js": {"path":"C:\\Users\\madib\\Music\\code\\nodejs\\aplikasi-izin\\src\\routes\\protected-routes.js","statementMap":{"0":{"start":{"line":4,"column":31},"end":{"line":4,"column":43}},"1":{"start":{"line":6,"column":0},"end":{"line":6,"column":74}},"2":{"start":{"line":7,"column":0},"end":{"line":10,"column":2}},"3":{"start":{"line":11,"column":0},"end":{"line":14,"column":2}},"4":{"start":{"line":15,"column":0},"end":{"line":18,"column":2}}},"fnMap":{},"branchMap":{},"s":{"0":1,"1":1,"2":1,"3":1,"4":1},"f":{},"b":{},"_coverageSchema":"1a1c01bbd47fc00a2c39e90264f33305004495a9","hash":"58578f65472c5b5b03f4b51fa9be17169cd62afe"}
,"C:\\Users\\madib\\Music\\code\\nodejs\\aplikasi-izin\\src\\routes\\public-routes.js": {"path":"C:\\Users\\madib\\Music\\code\\nodejs\\aplikasi-izin\\src\\routes\\public-routes.js","statementMap":{"0":{"start":{"line":4,"column":28},"end":{"line":4,"column":40}},"1":{"start":{"line":6,"column":0},"end":{"line":6,"column":57}},"2":{"start":{"line":7,"column":0},"end":{"line":7,"column":62}}},"fnMap":{},"branchMap":{},"s":{"0":1,"1":1,"2":1},"f":{},"b":{},"_coverageSchema":"1a1c01bbd47fc00a2c39e90264f33305004495a9","hash":"135ce28684e9d12d1a074194ebdb13c314b1659e"}
,"C:\\Users\\madib\\Music\\code\\nodejs\\aplikasi-izin\\src\\services\\departement-service.js": {"path":"C:\\Users\\madib\\Music\\code\\nodejs\\aplikasi-izin\\src\\services\\departement-service.js","statementMap":{"0":{"start":{"line":10,"column":15},"end":{"line":44,"column":1}},"1":{"start":{"line":11,"column":2},"end":{"line":11,"column":59}},"2":{"start":{"line":14,"column":31},"end":{"line":22,"column":4}},"3":{"start":{"line":24,"column":2},"end":{"line":30,"column":3}},"4":{"start":{"line":26,"column":6},"end":{"line":28,"column":45}},"5":{"start":{"line":29,"column":4},"end":{"line":29,"column":47}},"6":{"start":{"line":33,"column":2},"end":{"line":43,"column":5}},"7":{"start":{"line":46,"column":12},"end":{"line":65,"column":1}},"8":{"start":{"line":47,"column":2},"end":{"line":47,"column":68}},"9":{"start":{"line":49,"column":22},"end":{"line":58,"column":4}},"10":{"start":{"line":60,"column":2},"end":{"line":62,"column":3}},"11":{"start":{"line":61,"column":4},"end":{"line":61,"column":64}},"12":{"start":{"line":64,"column":2},"end":{"line":64,"column":21}},"13":{"start":{"line":67,"column":15},"end":{"line":100,"column":1}},"14":{"start":{"line":69,"column":24},"end":{"line":72,"column":4}},"15":{"start":{"line":75,"column":30},"end":{"line":78,"column":4}},"16":{"start":{"line":80,"column":2},"end":{"line":85,"column":3}},"17":{"start":{"line":81,"column":4},"end":{"line":84,"column":6}},"18":{"start":{"line":88,"column":2},"end":{"line":99,"column":5}},"19":{"start":{"line":102,"column":15},"end":{"line":128,"column":1}},"20":{"start":{"line":104,"column":33},"end":{"line":107,"column":3}},"21":{"start":{"line":110,"column":30},"end":{"line":113,"column":4}},"22":{"start":{"line":115,"column":2},"end":{"line":120,"column":3}},"23":{"start":{"line":116,"column":4},"end":{"line":119,"column":6}},"24":{"start":{"line":123,"column":2},"end":{"line":125,"column":5}},"25":{"start":{"line":127,"column":2},"end":{"line":127,"column":14}}},"fnMap":{"0":{"name":"(anonymous_0)","decl":{"start":{"line":10,"column":15},"end":{"line":10,"column":16}},"loc":{"start":{"line":10,"column":34},"end":{"line":44,"column":1}},"line":10},"1":{"name":"(anonymous_1)","decl":{"start":{"line":46,"column":12},"end":{"line":46,"column":13}},"loc":{"start":{"line":46,"column":37},"end":{"line":65,"column":1}},"line":46},"2":{"name":"(anonymous_2)","decl":{"start":{"line":67,"column":15},"end":{"line":67,"column":16}},"loc":{"start":{"line":67,"column":49},"end":{"line":100,"column":1}},"line":67},"3":{"name":"(anonymous_3)","decl":{"start":{"line":102,"column":15},"end":{"line":102,"column":16}},"loc":{"start":{"line":102,"column":40},"end":{"line":128,"column":1}},"line":102}},"branchMap":{"0":{"loc":{"start":{"line":24,"column":2},"end":{"line":30,"column":3}},"type":"if","locations":[{"start":{"line":24,"column":2},"end":{"line":30,"column":3}},{"start":{},"end":{}}],"line":24},"1":{"loc":{"start":{"line":26,"column":6},"end":{"line":28,"column":45}},"type":"cond-expr","locations":[{"start":{"line":27,"column":10},"end":{"line":27,"column":44}},{"start":{"line":28,"column":10},"end":{"line":28,"column":45}}],"line":26},"2":{"loc":{"start":{"line":60,"column":2},"end":{"line":62,"column":3}},"type":"if","locations":[{"start":{"line":60,"column":2},"end":{"line":62,"column":3}},{"start":{},"end":{}}],"line":60},"3":{"loc":{"start":{"line":80,"column":2},"end":{"line":85,"column":3}},"type":"if","locations":[{"start":{"line":80,"column":2},"end":{"line":85,"column":3}},{"start":{},"end":{}}],"line":80},"4":{"loc":{"start":{"line":115,"column":2},"end":{"line":120,"column":3}},"type":"if","locations":[{"start":{"line":115,"column":2},"end":{"line":120,"column":3}},{"start":{},"end":{}}],"line":115}},"s":{"0":1,"1":0,"2":0,"3":0,"4":0,"5":0,"6":0,"7":1,"8":0,"9":0,"10":0,"11":0,"12":0,"13":1,"14":0,"15":0,"16":0,"17":0,"18":0,"19":1,"20":0,"21":0,"22":0,"23":0,"24":0,"25":0},"f":{"0":0,"1":0,"2":0,"3":0},"b":{"0":[0,0],"1":[0,0],"2":[0,0],"3":[0,0],"4":[0,0]},"_coverageSchema":"1a1c01bbd47fc00a2c39e90264f33305004495a9","hash":"c7b9c8ec0b04110febe1a12d0e068c73eb0b149f"}
,"C:\\Users\\madib\\Music\\code\\nodejs\\aplikasi-izin\\src\\services\\user-service.js": {"path":"C:\\Users\\madib\\Music\\code\\nodejs\\aplikasi-izin\\src\\services\\user-service.js","statementMap":{"0":{"start":{"line":11,"column":15},"end":{"line":60,"column":1}},"1":{"start":{"line":12,"column":26},"end":{"line":12,"column":65}},"2":{"start":{"line":14,"column":23},"end":{"line":25,"column":4}},"3":{"start":{"line":27,"column":2},"end":{"line":33,"column":3}},"4":{"start":{"line":29,"column":6},"end":{"line":31,"column":33}},"5":{"start":{"line":32,"column":4},"end":{"line":32,"column":47}},"6":{"start":{"line":35,"column":28},"end":{"line":37,"column":3}},"7":{"start":{"line":39,"column":2},"end":{"line":59,"column":5}},"8":{"start":{"line":62,"column":14},"end":{"line":116,"column":1}},"9":{"start":{"line":64,"column":26},"end":{"line":64,"column":64}},"10":{"start":{"line":67,"column":19},"end":{"line":83,"column":4}},"11":{"start":{"line":86,"column":2},"end":{"line":91,"column":3}},"12":{"start":{"line":87,"column":4},"end":{"line":90,"column":6}},"13":{"start":{"line":94,"column":26},"end":{"line":98,"column":3}},"14":{"start":{"line":100,"column":2},"end":{"line":102,"column":3}},"15":{"start":{"line":101,"column":4},"end":{"line":101,"column":65}},"16":{"start":{"line":105,"column":16},"end":{"line":110,"column":4}},"17":{"start":{"line":112,"column":2},"end":{"line":115,"column":4}}},"fnMap":{"0":{"name":"(anonymous_0)","decl":{"start":{"line":11,"column":15},"end":{"line":11,"column":16}},"loc":{"start":{"line":11,"column":34},"end":{"line":60,"column":1}},"line":11},"1":{"name":"(anonymous_1)","decl":{"start":{"line":62,"column":14},"end":{"line":62,"column":15}},"loc":{"start":{"line":62,"column":33},"end":{"line":116,"column":1}},"line":62}},"branchMap":{"0":{"loc":{"start":{"line":27,"column":2},"end":{"line":33,"column":3}},"type":"if","locations":[{"start":{"line":27,"column":2},"end":{"line":33,"column":3}},{"start":{},"end":{}}],"line":27},"1":{"loc":{"start":{"line":29,"column":6},"end":{"line":31,"column":33}},"type":"cond-expr","locations":[{"start":{"line":30,"column":10},"end":{"line":30,"column":36}},{"start":{"line":31,"column":10},"end":{"line":31,"column":33}}],"line":29},"2":{"loc":{"start":{"line":86,"column":2},"end":{"line":91,"column":3}},"type":"if","locations":[{"start":{"line":86,"column":2},"end":{"line":91,"column":3}},{"start":{},"end":{}}],"line":86},"3":{"loc":{"start":{"line":86,"column":6},"end":{"line":86,"column":39}},"type":"binary-expr","locations":[{"start":{"line":86,"column":6},"end":{"line":86,"column":15}},{"start":{"line":86,"column":19},"end":{"line":86,"column":39}}],"line":86},"4":{"loc":{"start":{"line":100,"column":2},"end":{"line":102,"column":3}},"type":"if","locations":[{"start":{"line":100,"column":2},"end":{"line":102,"column":3}},{"start":{},"end":{}}],"line":100}},"s":{"0":1,"1":0,"2":0,"3":0,"4":0,"5":0,"6":0,"7":0,"8":1,"9":0,"10":0,"11":0,"12":0,"13":0,"14":0,"15":0,"16":0,"17":0},"f":{"0":0,"1":0},"b":{"0":[0,0],"1":[0,0],"2":[0,0],"3":[0,0],"4":[0,0]},"_coverageSchema":"1a1c01bbd47fc00a2c39e90264f33305004495a9","hash":"0ac4482e4c9b1fc219930ecc3deb490e88943da3"}
,"C:\\Users\\madib\\Music\\code\\nodejs\\aplikasi-izin\\src\\utils\\jwt-handler.js": {"path":"C:\\Users\\madib\\Music\\code\\nodejs\\aplikasi-izin\\src\\utils\\jwt-handler.js","statementMap":{"0":{"start":{"line":11,"column":18},"end":{"line":13,"column":1}},"1":{"start":{"line":12,"column":2},"end":{"line":12,"column":78}},"2":{"start":{"line":21,"column":18},"end":{"line":33,"column":1}},"3":{"start":{"line":22,"column":2},"end":{"line":32,"column":4}},"4":{"start":{"line":27,"column":6},"end":{"line":29,"column":7}},"5":{"start":{"line":28,"column":8},"end":{"line":28,"column":70}},"6":{"start":{"line":30,"column":6},"end":{"line":30,"column":21}}},"fnMap":{"0":{"name":"(anonymous_0)","decl":{"start":{"line":11,"column":18},"end":{"line":11,"column":19}},"loc":{"start":{"line":11,"column":49},"end":{"line":13,"column":1}},"line":11},"1":{"name":"(anonymous_1)","decl":{"start":{"line":21,"column":18},"end":{"line":21,"column":19}},"loc":{"start":{"line":21,"column":29},"end":{"line":33,"column":1}},"line":21},"2":{"name":"(anonymous_2)","decl":{"start":{"line":26,"column":4},"end":{"line":26,"column":5}},"loc":{"start":{"line":26,"column":28},"end":{"line":31,"column":5}},"line":26}},"branchMap":{"0":{"loc":{"start":{"line":11,"column":28},"end":{"line":11,"column":44}},"type":"default-arg","locations":[{"start":{"line":11,"column":40},"end":{"line":11,"column":44}}],"line":11},"1":{"loc":{"start":{"line":27,"column":6},"end":{"line":29,"column":7}},"type":"if","locations":[{"start":{"line":27,"column":6},"end":{"line":29,"column":7}},{"start":{},"end":{}}],"line":27}},"s":{"0":1,"1":0,"2":1,"3":0,"4":0,"5":0,"6":0},"f":{"0":0,"1":0,"2":0},"b":{"0":[0],"1":[0,0]},"_coverageSchema":"1a1c01bbd47fc00a2c39e90264f33305004495a9","hash":"6cbb55bb305488b0cbfd96dc5105cd9df4912831"}
,"C:\\Users\\madib\\Music\\code\\nodejs\\aplikasi-izin\\src\\utils\\password-hash-handler.js": {"path":"C:\\Users\\madib\\Music\\code\\nodejs\\aplikasi-izin\\src\\utils\\password-hash-handler.js","statementMap":{"0":{"start":{"line":1,"column":15},"end":{"line":1,"column":32}},"1":{"start":{"line":9,"column":15},"end":{"line":9,"column":70}},"2":{"start":{"line":10,"column":28},"end":{"line":10,"column":38}},"3":{"start":{"line":11,"column":2},"end":{"line":11,"column":63}},"4":{"start":{"line":12,"column":2},"end":{"line":12,"column":37}},"5":{"start":{"line":23,"column":18},"end":{"line":23,"column":73}},"6":{"start":{"line":24,"column":20},"end":{"line":24,"column":50}},"7":{"start":{"line":25,"column":2},"end":{"line":25,"column":40}}},"fnMap":{"0":{"name":"hashPasswordWithExpiry","decl":{"start":{"line":8,"column":9},"end":{"line":8,"column":31}},"loc":{"start":{"line":8,"column":42},"end":{"line":13,"column":1}},"line":8},"1":{"name":"verifyPasswordWithExpiry","decl":{"start":{"line":22,"column":9},"end":{"line":22,"column":33}},"loc":{"start":{"line":22,"column":69},"end":{"line":26,"column":1}},"line":22}},"branchMap":{"0":{"loc":{"start":{"line":25,"column":9},"end":{"line":25,"column":39}},"type":"binary-expr","locations":[{"start":{"line":25,"column":9},"end":{"line":25,"column":25}},{"start":{"line":25,"column":29},"end":{"line":25,"column":39}}],"line":25}},"s":{"0":1,"1":0,"2":0,"3":0,"4":0,"5":0,"6":0,"7":0},"f":{"0":0,"1":0},"b":{"0":[0,0]},"_coverageSchema":"1a1c01bbd47fc00a2c39e90264f33305004495a9","hash":"ab25eaad3892875867e7b0ec68add72fcb2f045e"}
,"C:\\Users\\madib\\Music\\code\\nodejs\\aplikasi-izin\\src\\validations\\departement-validation.js": {"path":"C:\\Users\\madib\\Music\\code\\nodejs\\aplikasi-izin\\src\\validations\\departement-validation.js","statementMap":{"0":{"start":{"line":3,"column":36},"end":{"line":19,"column":2}},"1":{"start":{"line":21,"column":33},"end":{"line":26,"column":4}},"2":{"start":{"line":28,"column":36},"end":{"line":45,"column":2}}},"fnMap":{},"branchMap":{},"s":{"0":1,"1":1,"2":1},"f":{},"b":{},"_coverageSchema":"1a1c01bbd47fc00a2c39e90264f33305004495a9","hash":"d63d1a4dfd51f6be0f1d153fab3e72925638505a"}
,"C:\\Users\\madib\\Music\\code\\nodejs\\aplikasi-izin\\src\\validations\\user-validation.js": {"path":"C:\\Users\\madib\\Music\\code\\nodejs\\aplikasi-izin\\src\\validations\\user-validation.js","statementMap":{"0":{"start":{"line":3,"column":29},"end":{"line":48,"column":2}},"1":{"start":{"line":50,"column":28},"end":{"line":75,"column":2}}},"fnMap":{},"branchMap":{},"s":{"0":1,"1":1},"f":{},"b":{},"_coverageSchema":"1a1c01bbd47fc00a2c39e90264f33305004495a9","hash":"49671d02f7000d29e416e8b8f57d3715bf728c9d"}
,"C:\\Users\\madib\\Music\\code\\nodejs\\aplikasi-izin\\src\\validations\\validator.js": {"path":"C:\\Users\\madib\\Music\\code\\nodejs\\aplikasi-izin\\src\\validations\\validator.js","statementMap":{"0":{"start":{"line":3,"column":24},"end":{"line":14,"column":1}},"1":{"start":{"line":4,"column":17},"end":{"line":7,"column":4}},"2":{"start":{"line":9,"column":2},"end":{"line":13,"column":3}},"3":{"start":{"line":10,"column":4},"end":{"line":10,"column":55}},"4":{"start":{"line":12,"column":4},"end":{"line":12,"column":24}}},"fnMap":{"0":{"name":"(anonymous_0)","decl":{"start":{"line":3,"column":24},"end":{"line":3,"column":25}},"loc":{"start":{"line":3,"column":45},"end":{"line":14,"column":1}},"line":3}},"branchMap":{"0":{"loc":{"start":{"line":9,"column":2},"end":{"line":13,"column":3}},"type":"if","locations":[{"start":{"line":9,"column":2},"end":{"line":13,"column":3}},{"start":{"line":11,"column":9},"end":{"line":13,"column":3}}],"line":9}},"s":{"0":1,"1":0,"2":0,"3":0,"4":0},"f":{"0":0},"b":{"0":[0,0]},"_coverageSchema":"1a1c01bbd47fc00a2c39e90264f33305004495a9","hash":"a4b297986c5d82cd93c8f0fca52e8a973ad6ec8a"}
,"C:\\Users\\madib\\Music\\code\\nodejs\\aplikasi-izin\\test\\test-utils.js": {"path":"C:\\Users\\madib\\Music\\code\\nodejs\\aplikasi-izin\\test\\test-utils.js","statementMap":{"0":{"start":{"line":4,"column":37},"end":{"line":12,"column":1}},"1":{"start":{"line":5,"column":2},"end":{"line":11,"column":5}},"2":{"start":{"line":14,"column":37},"end":{"line":21,"column":1}},"3":{"start":{"line":15,"column":2},"end":{"line":20,"column":5}},"4":{"start":{"line":23,"column":35},"end":{"line":31,"column":1}},"5":{"start":{"line":24,"column":2},"end":{"line":30,"column":5}},"6":{"start":{"line":33,"column":30},"end":{"line":41,"column":1}},"7":{"start":{"line":34,"column":2},"end":{"line":40,"column":5}},"8":{"start":{"line":43,"column":30},"end":{"line":57,"column":1}},"9":{"start":{"line":44,"column":22},"end":{"line":44,"column":49}},"10":{"start":{"line":46,"column":4},"end":{"line":46,"column":58}},"11":{"start":{"line":47,"column":2},"end":{"line":56,"column":5}},"12":{"start":{"line":59,"column":36},"end":{"line":74,"column":1}},"13":{"start":{"line":60,"column":22},"end":{"line":60,"column":49}},"14":{"start":{"line":62,"column":4},"end":{"line":62,"column":58}},"15":{"start":{"line":63,"column":2},"end":{"line":73,"column":5}}},"fnMap":{"0":{"name":"(anonymous_0)","decl":{"start":{"line":4,"column":37},"end":{"line":4,"column":38}},"loc":{"start":{"line":4,"column":49},"end":{"line":12,"column":1}},"line":4},"1":{"name":"(anonymous_1)","decl":{"start":{"line":14,"column":37},"end":{"line":14,"column":38}},"loc":{"start":{"line":14,"column":49},"end":{"line":21,"column":1}},"line":14},"2":{"name":"(anonymous_2)","decl":{"start":{"line":23,"column":35},"end":{"line":23,"column":36}},"loc":{"start":{"line":23,"column":47},"end":{"line":31,"column":1}},"line":23},"3":{"name":"(anonymous_3)","decl":{"start":{"line":33,"column":30},"end":{"line":33,"column":31}},"loc":{"start":{"line":33,"column":42},"end":{"line":41,"column":1}},"line":33},"4":{"name":"(anonymous_4)","decl":{"start":{"line":43,"column":30},"end":{"line":43,"column":31}},"loc":{"start":{"line":43,"column":42},"end":{"line":57,"column":1}},"line":43},"5":{"name":"(anonymous_5)","decl":{"start":{"line":59,"column":36},"end":{"line":59,"column":37}},"loc":{"start":{"line":59,"column":48},"end":{"line":74,"column":1}},"line":59}},"branchMap":{},"s":{"0":1,"1":1,"2":1,"3":1,"4":1,"5":0,"6":1,"7":1,"8":1,"9":0,"10":0,"11":0,"12":1,"13":0,"14":0,"15":0},"f":{"0":1,"1":1,"2":0,"3":1,"4":0,"5":0},"b":{},"_coverageSchema":"1a1c01bbd47fc00a2c39e90264f33305004495a9","hash":"56f6aaf4597a94221f2b363aa78f63169e658af4"}
}
