TN:
SF:src\apps\database.js
FN:6,(anonymous_0)
FNF:1
FNH:1
FNDA:3,(anonymous_0)
DA:4,1
DA:6,1
DA:7,3
DA:9,3
DA:14,3
DA:17,2
DA:19,2
DA:25,2
LF:8
LH:8
BRF:0
BRH:0
end_of_record
TN:
SF:src\apps\logger.js
FN:10,(anonymous_0)
FNF:1
FNH:1
FNDA:5,(anonymous_0)
DA:3,1
DA:4,1
DA:7,1
DA:11,5
DA:18,5
DA:23,1
DA:29,1
LF:7
LH:7
BRF:0
BRH:0
end_of_record
TN:
SF:src\apps\server.js
FNF:0
FNH:0
DA:7,1
DA:9,1
DA:10,1
DA:12,1
DA:14,1
DA:16,1
LF:6
LH:6
BRF:0
BRH:0
end_of_record
TN:
SF:src\conf\constant.js
FNF:0
FNH:0
DA:3,1
DA:5,1
DA:6,1
LF:3
LH:3
BRF:0
BRH:0
end_of_record
TN:
SF:src\controllers\departement-controller.js
FN:3,(anonymous_0)
FN:14,(anonymous_1)
FN:25,(anonymous_2)
FN:39,(anonymous_3)
FNF:4
FNH:0
FNDA:0,(anonymous_0)
FNDA:0,(anonymous_1)
FNDA:0,(anonymous_2)
FNDA:0,(anonymous_3)
DA:3,1
DA:4,0
DA:5,0
DA:6,0
DA:10,0
DA:14,1
DA:15,0
DA:16,0
DA:17,0
DA:21,0
DA:25,1
DA:26,0
DA:27,0
DA:31,0
DA:35,0
DA:39,1
DA:40,0
DA:41,0
DA:42,0
DA:46,0
LF:20
LH:4
BRF:0
BRH:0
end_of_record
TN:
SF:src\controllers\user-controller.js
FN:3,(anonymous_0)
FN:14,(anonymous_1)
FNF:2
FNH:0
FNDA:0,(anonymous_0)
FNDA:0,(anonymous_1)
DA:3,1
DA:4,0
DA:5,0
DA:6,0
DA:10,0
DA:14,1
DA:15,0
DA:16,0
DA:17,0
DA:21,0
LF:10
LH:2
BRF:0
BRH:0
end_of_record
TN:
SF:src\errors\response-error.js
FN:2,(anonymous_0)
FNF:1
FNH:0
FNDA:0,(anonymous_0)
DA:3,0
DA:4,0
LF:2
LH:0
BRF:0
BRH:0
end_of_record
TN:
SF:src\middlewares\error-middleware.js
FN:3,(anonymous_0)
FNF:1
FNH:0
FNDA:0,(anonymous_0)
DA:3,1
DA:4,0
DA:5,0
DA:6,0
DA:9,0
DA:10,0
DA:17,0
LF:7
LH:1
BRDA:4,0,0,0
BRDA:4,0,1,0
BRDA:9,1,0,0
BRDA:9,1,1,0
BRF:4
BRH:0
end_of_record
TN:
SF:src\routes\protected-routes.js
FNF:0
FNH:0
DA:4,1
DA:6,1
DA:7,1
DA:11,1
DA:15,1
LF:5
LH:5
BRF:0
BRH:0
end_of_record
TN:
SF:src\routes\public-routes.js
FNF:0
FNH:0
DA:4,1
DA:6,1
DA:7,1
LF:3
LH:3
BRF:0
BRH:0
end_of_record
TN:
SF:src\services\departement-service.js
FN:10,(anonymous_0)
FN:46,(anonymous_1)
FN:67,(anonymous_2)
FN:102,(anonymous_3)
FNF:4
FNH:0
FNDA:0,(anonymous_0)
FNDA:0,(anonymous_1)
FNDA:0,(anonymous_2)
FNDA:0,(anonymous_3)
DA:10,1
DA:11,0
DA:14,0
DA:24,0
DA:26,0
DA:29,0
DA:33,0
DA:46,1
DA:47,0
DA:49,0
DA:60,0
DA:61,0
DA:64,0
DA:67,1
DA:69,0
DA:75,0
DA:80,0
DA:81,0
DA:88,0
DA:102,1
DA:104,0
DA:110,0
DA:115,0
DA:116,0
DA:123,0
DA:127,0
LF:26
LH:4
BRDA:24,0,0,0
BRDA:24,0,1,0
BRDA:26,1,0,0
BRDA:26,1,1,0
BRDA:60,2,0,0
BRDA:60,2,1,0
BRDA:80,3,0,0
BRDA:80,3,1,0
BRDA:115,4,0,0
BRDA:115,4,1,0
BRF:10
BRH:0
end_of_record
TN:
SF:src\services\user-service.js
FN:11,(anonymous_0)
FN:62,(anonymous_1)
FNF:2
FNH:0
FNDA:0,(anonymous_0)
FNDA:0,(anonymous_1)
DA:11,1
DA:12,0
DA:14,0
DA:27,0
DA:29,0
DA:32,0
DA:35,0
DA:39,0
DA:62,1
DA:64,0
DA:67,0
DA:86,0
DA:87,0
DA:94,0
DA:100,0
DA:101,0
DA:105,0
DA:112,0
LF:18
LH:2
BRDA:27,0,0,0
BRDA:27,0,1,0
BRDA:29,1,0,0
BRDA:29,1,1,0
BRDA:86,2,0,0
BRDA:86,2,1,0
BRDA:86,3,0,0
BRDA:86,3,1,0
BRDA:100,4,0,0
BRDA:100,4,1,0
BRF:10
BRH:0
end_of_record
TN:
SF:src\utils\jwt-handler.js
FN:11,(anonymous_0)
FN:21,(anonymous_1)
FN:26,(anonymous_2)
FNF:3
FNH:0
FNDA:0,(anonymous_0)
FNDA:0,(anonymous_1)
FNDA:0,(anonymous_2)
DA:11,1
DA:12,0
DA:21,1
DA:22,0
DA:27,0
DA:28,0
DA:30,0
LF:7
LH:2
BRDA:11,0,0,0
BRDA:27,1,0,0
BRDA:27,1,1,0
BRF:3
BRH:0
end_of_record
TN:
SF:src\utils\password-hash-handler.js
FN:8,hashPasswordWithExpiry
FN:22,verifyPasswordWithExpiry
FNF:2
FNH:0
FNDA:0,hashPasswordWithExpiry
FNDA:0,verifyPasswordWithExpiry
DA:1,1
DA:9,0
DA:10,0
DA:11,0
DA:12,0
DA:23,0
DA:24,0
DA:25,0
LF:8
LH:1
BRDA:25,0,0,0
BRDA:25,0,1,0
BRF:2
BRH:0
end_of_record
TN:
SF:src\validations\departement-validation.js
FNF:0
FNH:0
DA:3,1
DA:21,1
DA:28,1
LF:3
LH:3
BRF:0
BRH:0
end_of_record
TN:
SF:src\validations\user-validation.js
FNF:0
FNH:0
DA:3,1
DA:50,1
LF:2
LH:2
BRF:0
BRH:0
end_of_record
TN:
SF:src\validations\validator.js
FN:3,(anonymous_0)
FNF:1
FNH:0
FNDA:0,(anonymous_0)
DA:3,1
DA:4,0
DA:9,0
DA:10,0
DA:12,0
LF:5
LH:1
BRDA:9,0,0,0
BRDA:9,0,1,0
BRF:2
BRH:0
end_of_record
TN:
SF:test\test-utils.js
FN:4,(anonymous_0)
FN:14,(anonymous_1)
FN:23,(anonymous_2)
FN:33,(anonymous_3)
FN:43,(anonymous_4)
FN:59,(anonymous_5)
FNF:6
FNH:3
FNDA:1,(anonymous_0)
FNDA:1,(anonymous_1)
FNDA:0,(anonymous_2)
FNDA:1,(anonymous_3)
FNDA:0,(anonymous_4)
FNDA:0,(anonymous_5)
DA:4,1
DA:5,1
DA:14,1
DA:15,1
DA:23,1
DA:24,0
DA:33,1
DA:34,1
DA:43,1
DA:44,0
DA:46,0
DA:47,0
DA:59,1
DA:60,0
DA:62,0
DA:63,0
LF:16
LH:9
BRF:0
BRH:0
end_of_record
